<?xml version="1.0" encoding="UTF-8"?>
<testng-results skipped="0" failed="0" total="1" passed="1">
  <reporter-output>
    <line>
      <![CDATA[No of rows are::4   No of cells in first row::6]]>
    </line>
  </reporter-output>
  <suite name="Default suite" duration-ms="111487" started-at="2022-04-11T04:53:37Z" finished-at="2022-04-11T04:55:28Z">
    <groups>
    </groups>
    <test name="Default test" duration-ms="111487" started-at="2022-04-11T04:53:37Z" finished-at="2022-04-11T04:55:28Z">
      <class name="DriverFactory.POMDriverScript">
        <test-method status="PASS" signature="adminLogin()[pri:0, instance:DriverFactory.POMDriverScript@46d56d67]" name="adminLogin" is-config="true" duration-ms="10113" started-at="2022-04-11T10:23:37Z" finished-at="2022-04-11T10:23:47Z">
          <reporter-output>
          </reporter-output>
        </test-method> <!-- adminLogin -->
        <test-method status="PASS" signature="validateuser()[pri:0, instance:DriverFactory.POMDriverScript@46d56d67]" name="validateuser" duration-ms="98327" started-at="2022-04-11T10:23:47Z" finished-at="2022-04-11T10:25:25Z">
          <reporter-output>
            <line>
              <![CDATA[No of rows are::4   No of cells in first row::6]]>
            </line>
          </reporter-output>
        </test-method> <!-- validateuser -->
        <test-method status="PASS" signature="tearDown()[pri:0, instance:DriverFactory.POMDriverScript@46d56d67]" name="tearDown" is-config="true" duration-ms="3035" started-at="2022-04-11T10:25:25Z" finished-at="2022-04-11T10:25:28Z">
          <reporter-output>
          </reporter-output>
        </test-method> <!-- tearDown -->
      </class> <!-- DriverFactory.POMDriverScript -->
    </test> <!-- Default test -->
  </suite> <!-- Default suite -->
</testng-results>
